#
# A fatal error has been detected by the Java Runtime Environment:
#
#  Internal Error (javaClasses.cpp:126), pid=6784, tid=5688
#  fatal error: Invalid layout of preloaded class
#
# JRE version:  (8.0_31-b13) (build )
# Java VM: Java HotSpot(TM) Client VM (25.31-b07 mixed mode windows-x86 )
# Failed to write core dump. Minidumps are not enabled by default on client versions of Windows
#
# If you would like to submit a bug report, please visit:
#   http://bugreport.java.com/bugreport/crash.jsp
#

---------------  T H R E A D  ---------------

Current thread (0x00cdbc00):  JavaThread "Unknown thread" [_thread_in_vm, id=5688, stack(0x00b80000,0x00bd0000)]

Stack: [0x00b80000,0x00bd0000],  sp=0x00bcf814,  free space=318k
Native frames: (J=compiled Java code, j=interpreted, Vv=VM code, C=native code)
V  [jvm.dll+0x197b8b]
V  [jvm.dll+0x1909e6]
V  [jvm.dll+0x3b409]
V  [jvm.dll+0x3b5be]
V  [jvm.dll+0x49f63]
V  [jvm.dll+0x9dd9e]
V  [jvm.dll+0x9e062]
V  [jvm.dll+0x145c31]
V  [jvm.dll+0x169cb8]
V  [jvm.dll+0xdb171]
C  [javaw.exe+0x13e4]
C  [javaw.exe+0x1eb7]
C  [javaw.exe+0xaba1]
C  [javaw.exe+0xac2b]
C  [KERNEL32.DLL+0x17c04]
C  [ntdll.dll+0x5ab8f]
C  [ntdll.dll+0x5ab5a]
C  0x00000000


---------------  P R O C E S S  ---------------

Java Threads: ( => current thread )

Other Threads:

=>0x00cdbc00 (exited) JavaThread "Unknown thread" [_thread_in_vm, id=5688, stack(0x00b80000,0x00bd0000)]

VM state:not at safepoint (not fully initialized)

VM Mutex/Monitor currently owned by a thread: None

GC Heap History (0 events):
No events

Deoptimization events (0 events):
No events

Internal exceptions (0 events):
No events

Events (10 events):
Event: 0.011 loading class java/lang/CharSequence done
Event: 0.011 loading class java/lang/String done
Event: 0.011 loading class java/lang/Class
Event: 0.012 loading class java/lang/reflect/AnnotatedElement
Event: 0.012 loading class java/lang/reflect/AnnotatedElement done
Event: 0.012 loading class java/lang/reflect/GenericDeclaration
Event: 0.012 loading class java/lang/reflect/GenericDeclaration done
Event: 0.012 loading class java/lang/reflect/Type
Event: 0.012 loading class java/lang/reflect/Type done
Event: 0.012 loading class java/lang/Class done


Dynamic libraries:
0x00960000 - 0x00990000 	C:\Program Files (x86)\Java\jre1.8.0_31\bin\javaw.exe
0x77e90000 - 0x77fff000 	C:\Windows\SYSTEM32\ntdll.dll
0x75f20000 - 0x76060000 	C:\Windows\SYSTEM32\KERNEL32.DLL
0x77810000 - 0x778e7000 	C:\Windows\SYSTEM32\KERNELBASE.dll
0x73880000 - 0x73920000 	C:\Windows\system32\apphelp.dll
0x6aab0000 - 0x6ad16000 	C:\Windows\AppPatch\AcGenral.DLL
0x75800000 - 0x758c3000 	C:\Windows\SYSTEM32\msvcrt.dll
0x77d70000 - 0x77db1000 	C:\Windows\SYSTEM32\sechost.dll
0x75680000 - 0x7569e000 	C:\Windows\SYSTEM32\SspiCli.dll
0x760a0000 - 0x760e5000 	C:\Windows\SYSTEM32\SHLWAPI.dll
0x73e50000 - 0x73f3d000 	C:\Windows\SYSTEM32\UxTheme.dll
0x76350000 - 0x764a3000 	C:\Windows\SYSTEM32\USER32.dll
0x756f0000 - 0x757ff000 	C:\Windows\SYSTEM32\GDI32.dll
0x75210000 - 0x75233000 	C:\Windows\SYSTEM32\WINMM.dll
0x66670000 - 0x66683000 	C:\Windows\SYSTEM32\samcli.dll
0x76220000 - 0x76349000 	C:\Windows\SYSTEM32\ole32.dll
0x76180000 - 0x76215000 	C:\Windows\SYSTEM32\OLEAUT32.dll
0x6b310000 - 0x6b327000 	C:\Windows\SYSTEM32\MSACM32.dll
0x75260000 - 0x75268000 	C:\Windows\SYSTEM32\VERSION.dll
0x76550000 - 0x7780c000 	C:\Windows\SYSTEM32\SHELL32.dll
0x755f0000 - 0x7560b000 	C:\Windows\SYSTEM32\USERENV.dll
0x72f90000 - 0x72faa000 	C:\Windows\SYSTEM32\dwmapi.dll
0x73230000 - 0x7337b000 	C:\Windows\SYSTEM32\urlmon.dll
0x77910000 - 0x7798c000 	C:\Windows\SYSTEM32\ADVAPI32.dll
0x72b60000 - 0x72bc5000 	C:\Windows\SYSTEM32\WINSPOOL.DRV
0x6b5c0000 - 0x6b5d6000 	C:\Windows\SYSTEM32\MPR.dll
0x75e10000 - 0x75eca000 	C:\Windows\SYSTEM32\RPCRT4.dll
0x75670000 - 0x7567a000 	C:\Windows\SYSTEM32\CRYPTBASE.dll
0x77990000 - 0x77b0d000 	C:\Windows\SYSTEM32\combase.dll
0x74ea0000 - 0x74ec3000 	C:\Windows\SYSTEM32\WINMMBASE.dll
0x75200000 - 0x7520f000 	C:\Windows\SYSTEM32\profapi.dll
0x74fc0000 - 0x751f2000 	C:\Windows\SYSTEM32\iertutil.dll
0x75290000 - 0x7549d000 	C:\Windows\SYSTEM32\WININET.dll
0x75610000 - 0x75664000 	C:\Windows\SYSTEM32\bcryptPrimitives.dll
0x76060000 - 0x7609c000 	C:\Windows\SYSTEM32\cfgmgr32.dll
0x74e70000 - 0x74e91000 	C:\Windows\SYSTEM32\DEVOBJ.dll
0x74de0000 - 0x74e6b000 	C:\Windows\SYSTEM32\SHCORE.DLL
0x764b0000 - 0x764d7000 	C:\Windows\system32\IMM32.DLL
0x75930000 - 0x75a42000 	C:\Windows\SYSTEM32\MSCTF.dll
0x74db0000 - 0x74dda000 	C:\Windows\SYSTEM32\nvinit.dll
0x0f000000 - 0x0f006000 	C:\Program Files (x86)\NVIDIA Corporation\CoProcManager\_etoured.dll
0x733e0000 - 0x7340c000 	C:\Program Files (x86)\NVIDIA Corporation\CoProcManager\nvd3d9wrap.dll
0x77b20000 - 0x77cd1000 	C:\Windows\SYSTEM32\SETUPAPI.dll
0x733c0000 - 0x733e0000 	C:\Program Files (x86)\NVIDIA Corporation\CoProcManager\nvdxgiwrap.dll
0x74490000 - 0x74696000 	C:\Windows\WinSxS\x86_microsoft.windows.common-controls_6595b64144ccf1df_6.0.9600.18006_none_a9ec6aab013aafee\COMCTL32.dll
0x6ae70000 - 0x6af2f000 	C:\Program Files (x86)\Java\jre1.8.0_31\bin\msvcr100.dll
0x722e0000 - 0x72684000 	C:\Program Files (x86)\Java\jre1.8.0_31\bin\client\jvm.dll
0x731f0000 - 0x731f8000 	C:\Windows\SYSTEM32\WSOCK32.dll
0x76540000 - 0x76546000 	C:\Windows\SYSTEM32\PSAPI.DLL
0x75ed0000 - 0x75f20000 	C:\Windows\SYSTEM32\WS2_32.dll
0x778f0000 - 0x778f7000 	C:\Windows\SYSTEM32\NSI.dll
0x731e0000 - 0x731ec000 	C:\Program Files (x86)\Java\jre1.8.0_31\bin\verify.dll
0x731b0000 - 0x731d1000 	C:\Program Files (x86)\Java\jre1.8.0_31\bin\java.dll
0x73190000 - 0x731a3000 	C:\Program Files (x86)\Java\jre1.8.0_31\bin\zip.dll
0x73960000 - 0x73aa1000 	C:\Windows\SYSTEM32\dbghelp.dll

VM Arguments:
jvm_args: -Dfile.encoding=GBK -Xbootclasspath:D:\Restore\Android\android-sdk-windows\platforms\android-18\android.jar 
java_command: dataCalc.SolarMode
java_class_path (initial): D:\workspace\xsbz\bin\classes;D:\workspace\xsbz\libs\android-support-v4.jar
Launcher Type: SUN_STANDARD

Environment Variables:
JAVA_HOME=C:\Program Files (x86)\Java\jdk1.8.0_31
CLASSPATH=.;%JAVA_HOME%\lib\dt.jar;%JAVA_HOME%\lib\tools.jar
PATH=C:/Program Files (x86)/Java/jre1.8.0_31/bin/client;C:/Program Files (x86)/Java/jre1.8.0_31/bin;C:/Program Files (x86)/Java/jre1.8.0_31/lib/i386;C:\ProgramData\Oracle\Java\javapath;C:\Program Files (x86)\NVIDIA Corporation\PhysX\Common;C:\Windows\system32;C:\Windows;C:\Windows\System32\Wbem;C:\Windows\System32\WindowsPowerShell\v1.0\;C:\Program Files\MySQL\MySQL Server 5.5\bin;D:\Restore\Android\android-sdk-windows\platform-tools;D:\Restore\Android\android-sdk-windows\tools;%JAVA_HOME%\bin;%JAVA_HOME%\jre\bin;C:\Program Files\Apache\tomcat\lib;C:\Program Files\Apache\tomcat\bin;D:\Restore\eclipse-jee-mars-R-win32\eclipse;
USERNAME=Alex
OS=Windows_NT
PROCESSOR_IDENTIFIER=Intel64 Family 6 Model 37 Stepping 5, GenuineIntel



---------------  S Y S T E M  ---------------

OS: Windows 8.1 , 64 bit Build 9600 

CPU:total 4 (2 cores per cpu, 2 threads per core) family 6 model 37 stepping 5, cmov, cx8, fxsr, mmx, sse, sse2, sse3, ssse3, sse4.1, sse4.2, popcnt, ht, tsc, tscinvbit

Memory: 4k page, physical 3985908k(990276k free), swap 5689844k(857824k free)

vm_info: Java HotSpot(TM) Client VM (25.31-b07) for windows-x86 JRE (1.8.0_31-b13), built on Dec 17 2014 20:46:12 by "java_re" with MS VC++ 10.0 (VS2010)

time: Fri Feb 19 16:42:38 2016
elapsed time: 0 seconds (0d 0h 0m 0s)

